[debug] [2024-09-12T17:42:46.440Z] ----------------------------------------------------------------------
[debug] [2024-09-12T17:42:46.443Z] Command:       C:\Program Files\nodejs\node.exe C:\Users\Will\AppData\Roaming\npm\node_modules\firebase-tools\lib\bin\firebase.js init
[debug] [2024-09-12T17:42:46.443Z] CLI Version:   13.17.0
[debug] [2024-09-12T17:42:46.444Z] Platform:      win32
[debug] [2024-09-12T17:42:46.444Z] Node Version:  v20.13.0
[debug] [2024-09-12T17:42:46.444Z] Time:          Thu Sep 12 2024 11:42:46 GMT-0600 (Mountain Daylight Time)
[debug] [2024-09-12T17:42:46.444Z] ----------------------------------------------------------------------
[debug] 
[debug] [2024-09-12T17:42:46.450Z] > command requires scopes: ["email","openid","https://www.googleapis.com/auth/cloudplatformprojects.readonly","https://www.googleapis.com/auth/firebase","https://www.googleapis.com/auth/cloud-platform"]
[debug] [2024-09-12T17:42:46.450Z] > authorizing via signed-in user (willhui1204@gmail.com)
[info] 
     ######## #### ########  ######## ########     ###     ######  ########
     ##        ##  ##     ## ##       ##     ##  ##   ##  ##       ##
     ######    ##  ########  ######   ########  #########  ######  ######
     ##        ##  ##    ##  ##       ##     ## ##     ##       ## ##
     ##       #### ##     ## ######## ########  ##     ##  ######  ########

You're about to initialize a Firebase project in this directory:

  C:\PROJ309\Cheesecake

Before we get started, keep in mind:

  * You are currently outside your home directory

[info] 
=== Project Setup
[info] 
[info] First, let's associate this project directory with a Firebase project.
[info] You can create multiple project aliases by running firebase use --add, 
[info] but for now we'll just set up a default project.
[info] 
[debug] [2024-09-12T17:46:06.420Z] >>> [apiv2][query] GET https://firebase.googleapis.com/v1beta1/projects pageSize=100
[debug] [2024-09-12T17:46:06.835Z] <<< [apiv2][status] GET https://firebase.googleapis.com/v1beta1/projects 200
[debug] [2024-09-12T17:46:06.835Z] <<< [apiv2][body] GET https://firebase.googleapis.com/v1beta1/projects [omitted]
[info] i  Using project cheesecake-7c751 (Cheesecake) 
[info] 
=== Hosting Setup
[debug] [2024-09-12T17:46:13.863Z] >>> [apiv2][query] GET https://firebase.googleapis.com/v1beta1/projects/cheesecake-7c751 [none]
[debug] [2024-09-12T17:46:14.094Z] <<< [apiv2][status] GET https://firebase.googleapis.com/v1beta1/projects/cheesecake-7c751 200
[debug] [2024-09-12T17:46:14.094Z] <<< [apiv2][body] GET https://firebase.googleapis.com/v1beta1/projects/cheesecake-7c751 {"projectId":"cheesecake-7c751","projectNumber":"1045738249139","displayName":"Cheesecake","name":"projects/cheesecake-7c751","resources":{"hostingSite":"cheesecake-7c751"},"state":"ACTIVE","etag":"1_c6c4659c-3b14-4343-bfaa-83cf3c3e8e8f"}
[info] 
[info] Your public directory is the folder (relative to your project directory) that
[info] will contain Hosting assets to be uploaded with firebase deploy. If you
[info] have a build process for your assets, use your build's output directory.
[info] 
[debug] [2024-09-12T17:46:55.976Z] >>> [apiv2][query] GET https://www.gstatic.com/firebasejs/releases.json [none]
[debug] [2024-09-12T17:46:56.083Z] <<< [apiv2][status] GET https://www.gstatic.com/firebasejs/releases.json 200
[debug] [2024-09-12T17:46:56.083Z] <<< [apiv2][body] GET https://www.gstatic.com/firebasejs/releases.json {"current":{"version":"10.13.1","browserURL":"https://www.gstatic.com/firebasejs/10.13.1/firebase.js","packageURL":"https://www.gstatic.com/firebasejs/10.13.1/firebase.tgz"},"live":{"version":"10.13","browserURL":"https://www.gstatic.com/firebasejs/live/10.13/firebase.js","packageURL":"https://www.gstatic.com/firebasejs/live/10.13/firebase.tgz"},"components":{"analytics":"https://www.gstatic.com/firebasejs/10.13.1/firebase-analytics.js","app":"https://www.gstatic.com/firebasejs/10.13.1/firebase-app.js","app-check":"https://www.gstatic.com/firebasejs/10.13.1/firebase-app-check.js","auth":"https://www.gstatic.com/firebasejs/10.13.1/firebase-auth.js","auth/cordova":"https://www.gstatic.com/firebasejs/10.13.1/firebase-auth/cordova.js","auth/web-extension":"https://www.gstatic.com/firebasejs/10.13.1/firebase-auth/web-extension.js","functions":"https://www.gstatic.com/firebasejs/10.13.1/firebase-functions.js","firestore":"https://www.gstatic.com/firebasejs/10.13.1/firebase-firestore.js","firestore/lite":"https://www.gstatic.com/firebasejs/10.13.1/firebase-firestore/lite.js","installations":"https://www.gstatic.com/firebasejs/10.13.1/firebase-installations.js","storage":"https://www.gstatic.com/firebasejs/10.13.1/firebase-storage.js","performance":"https://www.gstatic.com/firebasejs/10.13.1/firebase-performance.js","remote-config":"https://www.gstatic.com/firebasejs/10.13.1/firebase-remote-config.js","messaging":"https://www.gstatic.com/firebasejs/10.13.1/firebase-messaging.js","messaging/sw":"https://www.gstatic.com/firebasejs/10.13.1/firebase-messaging/sw.js","database":"https://www.gstatic.com/firebasejs/10.13.1/firebase-database.js","vertexai-preview":"https://www.gstatic.com/firebasejs/10.13.1/firebase-vertexai-preview.js","firestore.memory":"https://www.gstatic.com/firebasejs/10.13.1/firebase-firestore.memory.js"}}
[info] i  Skipping write of public/index.html 
[info] 
[info] i  Detected a .git folder at C:\PROJ309\Cheesecake 
[info] i  Authorizing with GitHub to upload your service account to a GitHub repository's secrets store. 
[info] 
[info] Visit this URL on this device to log in:
[info] https://github.com/login/oauth/authorize?client_id=89cf50f02ac6aaed3484&state=592642987&redirect_uri=http%3A%2F%2Flocalhost%3A9005&scope=read%3Auser%20repo%20public_repo
[info] 
[info] Waiting for authentication...
[debug] [2024-09-12T17:47:43.610Z] >>> [apiv2][query] POST https://github.com/login/oauth/access_token [none]
[debug] [2024-09-12T17:47:43.611Z] >>> [apiv2][body] POST https://github.com/login/oauth/access_token [stream]
[debug] [2024-09-12T17:47:43.949Z] <<< [apiv2][status] POST https://github.com/login/oauth/access_token 200
[debug] [2024-09-12T17:47:43.949Z] <<< [apiv2][body] POST https://github.com/login/oauth/access_token {"access_token":"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","token_type":"bearer","scope":"read:user,repo"}
[debug] [2024-09-12T17:47:43.954Z] >>> [apiv2][query] GET https://api.github.com/user [none]
[debug] [2024-09-12T17:47:44.328Z] <<< [apiv2][status] GET https://api.github.com/user 200
[debug] [2024-09-12T17:47:44.328Z] <<< [apiv2][body] GET https://api.github.com/user {"login":"willhui1204","id":157047301,"node_id":"U_kgDOCVxaBQ","avatar_url":"https://avatars.githubusercontent.com/u/157047301?v=4","gravatar_id":"","url":"https://api.github.com/users/willhui1204","html_url":"https://github.com/willhui1204","followers_url":"https://api.github.com/users/willhui1204/followers","following_url":"https://api.github.com/users/willhui1204/following{/other_user}","gists_url":"https://api.github.com/users/willhui1204/gists{/gist_id}","starred_url":"https://api.github.com/users/willhui1204/starred{/owner}{/repo}","subscriptions_url":"https://api.github.com/users/willhui1204/subscriptions","organizations_url":"https://api.github.com/users/willhui1204/orgs","repos_url":"https://api.github.com/users/willhui1204/repos","events_url":"https://api.github.com/users/willhui1204/events{/privacy}","received_events_url":"https://api.github.com/users/willhui1204/received_events","type":"User","site_admin":false,"name":null,"company":null,"blog":"","location":null,"email":null,"hireable":null,"bio":null,"twitter_username":null,"notification_email":null,"public_repos":3,"public_gists":0,"followers":0,"following":0,"created_at":"2024-01-18T16:46:44Z","updated_at":"2024-09-12T11:44:29Z","private_gists":0,"total_private_repos":1,"owned_private_repos":1,"disk_usage":1624,"collaborators":0,"two_factor_authentication":true,"plan":{"name":"pro","space":976562499,"collaborators":0,"private_repos":9999}}
[info] 
[info] +  Success! Logged into GitHub as willhui1204 
[info] 
[debug] [2024-09-12T17:47:55.467Z] >>> [apiv2][query] GET https://api.github.com/repos//actions/secrets/public-key type=owner
[debug] [2024-09-12T17:47:55.763Z] <<< [apiv2][status] GET https://api.github.com/repos//actions/secrets/public-key 404
[debug] [2024-09-12T17:47:55.763Z] <<< [apiv2][body] GET https://api.github.com/repos//actions/secrets/public-key {"message":"Not Found","documentation_url":"https://docs.github.com/rest","status":"404"}
[info] 
[info] 
[error] !  The provided authorization cannot be used with this repository. If this repository is in an organization, did you remember to grant access? 
[info] 
[info] i  Action required: Visit this URL to ensure access has been granted to the appropriate organization(s) for the Firebase CLI GitHub OAuth App: 
[info] https://github.com/settings/connections/applications/89cf50f02ac6aaed3484
[info] 
